<?xml version="1.0" encoding="utf-8"?><testsuites name="pytest tests"><testsuite name="pytest" errors="0" failures="0" skipped="0" tests="13" time="3.366" timestamp="2025-12-19T08:31:58.245915+13:00" hostname="anton-Precision-7730"><testcase classname="tests.api.test_api_endpoints.TestAPIEndpoints" name="test_api_health" time="0.003" /><testcase classname="tests.api.test_api_endpoints.TestAPIEndpoints" name="test_standalone_analysis_success" time="3.090" /><testcase classname="tests.api.test_api_endpoints.TestAPIEndpoints" name="test_comparison_analysis_success" time="0.022" /><testcase classname="tests.api.test_api_endpoints.TestAPIEndpoints" name="test_malformed_json" time="0.017" /><testcase classname="tests.api.test_api_endpoints.TestAPIEndpoints" name="test_missing_required_fields" time="0.017" /><testcase classname="tests.api.test_api_endpoints.TestAPIEndpoints" name="test_empty_sentences_list" time="0.015" /><testcase classname="tests.api.test_api_endpoints.TestAPIEndpoints" name="test_invalid_sentence_format" time="0.017" /><testcase classname="tests.api.test_api_endpoints.TestAPIEndpoints" name="test_duplicate_sentence_ids" time="0.017" /><testcase classname="tests.api.test_api_endpoints.TestAPIEndpoints" name="test_large_request_size" time="0.019" /><testcase classname="tests.api.test_api_endpoints.TestAPIEndpoints" name="test_unsupported_http_method" time="0.005" /><testcase classname="tests.api.test_api_endpoints.TestAPIEndpoints" name="test_response_headers" time="0.017" /><testcase classname="tests.api.test_api_endpoints.TestAPIEndpoints" name="test_comparison_missing_comparison_field" time="0.015" /><testcase classname="tests.api.test_api_endpoints.TestAPIAvailability" name="test_api_not_available_skips_tests" time="0.021" /></testsuite></testsuites>