<?xml version="1.0" encoding="utf-8"?><testsuites name="pytest tests"><testsuite name="pytest" errors="0" failures="0" skipped="13" tests="227" time="1.323" timestamp="2025-12-19T08:31:10.724070+13:00" hostname="anton-Precision-7730"><testcase classname="tests.unit.insights.test_insights_deterministic.TestDeterministicBehavior" name="test_title_generation_deterministic" time="0.001" /><testcase classname="tests.unit.insights.test_insights_deterministic.TestDeterministicBehavior" name="test_title_generation_deterministic_with_different_order" time="0.001" /><testcase classname="tests.unit.insights.test_insights_deterministic.TestDeterministicBehavior" name="test_diversity_calculation_deterministic" time="0.003" /><testcase classname="tests.unit.insights.test_insights_deterministic.TestDeterministicBehavior" name="test_diversity_calculation_deterministic_with_identical_embeddings" time="0.002" /><testcase classname="tests.unit.insights.test_insights_deterministic.TestDeterministicBehavior" name="test_pattern_identification_deterministic" time="0.001" /><testcase classname="tests.unit.insights.test_insights_deterministic.TestDeterministicBehavior" name="test_summary_generation_deterministic" time="0.001" /><testcase classname="tests.unit.insights.test_insights_deterministic.TestDeterministicBehavior" name="test_overall_summary_generation_deterministic" time="0.001" /><testcase classname="tests.unit.insights.test_insights_deterministic.TestDeterministicBehavior" name="test_cluster_insights_deterministic" time="0.002" /><testcase classname="tests.unit.insights.test_insights_deterministic.TestDeterministicBehavior" name="test_representative_sentences_deterministic" time="0.002" /><testcase classname="tests.unit.insights.test_insights_deterministic.TestDeterministicBehavior" name="test_deterministic_across_multiple_instances" time="0.001" /><testcase classname="tests.unit.insights.test_insights_deterministic.TestDeterministicBehavior" name="test_deterministic_with_random_embeddings" time="0.002" /><testcase classname="tests.unit.insights.test_insights_deterministic.TestDeterministicBehavior" name="test_edge_case_deterministic_empty_sentences" time="0.000" /><testcase classname="tests.unit.insights.test_insights_deterministic.TestDeterministicBehavior" name="test_deterministic_with_real_ml_models" time="0.000"><skipped type="pytest.skip" message="Production-specific deterministic behavior not implemented yet">/home/anton/git/backend-task-2025/text-analysis-service/tests/unit/insights/test_insights_deterministic.py:267: Production-specific deterministic behavior not implemented yet</skipped></testcase><testcase classname="tests.unit.insights.test_insights_deterministic.TestDeterministicBehavior" name="test_deterministic_under_concurrency" time="0.000"><skipped type="pytest.skip" message="Concurrency deterministic testing not implemented yet">/home/anton/git/backend-task-2025/text-analysis-service/tests/unit/insights/test_insights_deterministic.py:272: Concurrency deterministic testing not implemented yet</skipped></testcase><testcase classname="tests.unit.insights.test_insights_diversity.TestDiversityCalculation" name="test_diversity_single_sentence" time="0.001" /><testcase classname="tests.unit.insights.test_insights_diversity.TestDiversityCalculation" name="test_diversity_two_sentences_similar" time="0.001" /><testcase classname="tests.unit.insights.test_insights_diversity.TestDiversityCalculation" name="test_diversity_two_sentences_dissimilar" time="0.001" /><testcase classname="tests.unit.insights.test_insights_diversity.TestDiversityCalculation" name="test_diversity_multiple_sentences" time="0.001" /><testcase classname="tests.unit.insights.test_insights_diversity.TestDiversityCalculation" name="test_diversity_clipped_range" time="0.001" /><testcase classname="tests.unit.insights.test_insights_diversity.TestDiversityCalculation" name="test_diversity_deterministic" time="0.001" /><testcase classname="tests.unit.insights.test_insights_diversity.TestDiversityCalculation" name="test_diversity_empty_embeddings" time="0.000" /><testcase classname="tests.unit.insights.test_insights_diversity.TestDiversityCalculation" name="test_diversity_identical_embeddings" time="0.001" /><testcase classname="tests.unit.insights.test_insights_diversity.TestDiversityCalculation" name="test_diversity_normalized_embeddings" time="0.001" /><testcase classname="tests.unit.insights.test_insights_diversity.TestDiversityCalculation" name="test_diversity_with_mock_cosine" time="0.001" /><testcase classname="tests.unit.insights.test_insights_init.TestInsightGeneratorInitialization" name="test_default_initialization" time="0.001" /><testcase classname="tests.unit.insights.test_insights_init.TestInsightGeneratorInitialization" name="test_custom_parameters" time="0.000" /><testcase classname="tests.unit.insights.test_insights_init.TestInsightGeneratorInitialization" name="test_insight_templates_structure" time="0.001" /><testcase classname="tests.unit.insights.test_insights_init.TestKeyTermExtraction" name="test_extract_key_terms_basic" time="0.001" /><testcase classname="tests.unit.insights.test_insights_init.TestKeyTermExtraction" name="test_extract_key_terms_no_repeats" time="0.001" /><testcase classname="tests.unit.insights.test_insights_init.TestKeyTermExtraction" name="test_extract_key_terms_common_words_filtered" time="0.001" /><testcase classname="tests.unit.insights.test_insights_init.TestKeyTermExtraction" name="test_extract_key_terms_max_terms" time="0.001" /><testcase classname="tests.unit.insights.test_insights_init.TestConvenienceFunctions" name="test_get_insight_generator_default" time="0.001" /><testcase classname="tests.unit.insights.test_insights_init.TestConvenienceFunctions" name="test_get_insight_generator_custom" time="0.000" /><testcase classname="tests.unit.insights.test_insights_init.TestConvenienceFunctions" name="test_get_insight_generator_singleton_behavior" time="0.001" /><testcase classname="tests.unit.insights.test_insights_integration.TestClusterInsightsIntegration" name="test_generate_cluster_insights_basic" time="0.002" /><testcase classname="tests.unit.insights.test_insights_integration.TestClusterInsightsIntegration" name="test_generate_cluster_insights_empty_sentences" time="0.001" /><testcase classname="tests.unit.insights.test_insights_integration.TestClusterInsightsIntegration" name="test_generate_cluster_insights_single_sentence" time="0.001" /><testcase classname="tests.unit.insights.test_insights_integration.TestClusterInsightsIntegration" name="test_generate_cluster_insights_title_generation" time="0.002" /><testcase classname="tests.unit.insights.test_insights_integration.TestClusterInsightsIntegration" name="test_generate_cluster_insights_representative_sentences" time="0.002" /><testcase classname="tests.unit.insights.test_insights_integration.TestClusterInsightsIntegration" name="test_generate_cluster_insights_diversity_calculation" time="0.002" /><testcase classname="tests.unit.insights.test_insights_integration.TestClusterInsightsIntegration" name="test_generate_cluster_insights_pattern_identification" time="0.002" /><testcase classname="tests.unit.insights.test_insights_integration.TestClusterInsightsIntegration" name="test_generate_cluster_insights_with_missing_sentiment_info" time="0.001" /><testcase classname="tests.unit.insights.test_insights_integration.TestClusterInsightsIntegration" name="test_generate_cluster_insights_deterministic" time="0.002" /><testcase classname="tests.unit.insights.test_insights_integration.TestClusterInsightsIntegration" name="test_generate_cluster_insights_edge_cases" time="0.002" /><testcase classname="tests.unit.insights.test_insights_integration.TestClusterInsightsIntegration" name="test_integration_with_real_preprocessor" time="0.000"><skipped type="pytest.skip" message="Integration with actual preprocessor not implemented yet">/home/anton/git/backend-task-2025/text-analysis-service/tests/unit/insights/test_insights_integration.py:333: Integration with actual preprocessor not implemented yet</skipped></testcase><testcase classname="tests.unit.insights.test_insights_integration.TestClusterInsightsIntegration" name="test_performance_large_cluster" time="0.000"><skipped type="pytest.skip" message="Performance testing not implemented yet">/home/anton/git/backend-task-2025/text-analysis-service/tests/unit/insights/test_insights_integration.py:338: Performance testing not implemented yet</skipped></testcase><testcase classname="tests.unit.insights.test_insights_patterns.TestPatternIdentification" name="test_identify_patterns_empty" time="0.001" /><testcase classname="tests.unit.insights.test_insights_patterns.TestPatternIdentification" name="test_identify_patterns_single_sentence" time="0.001" /><testcase classname="tests.unit.insights.test_insights_patterns.TestPatternIdentification" name="test_identify_patterns_common_starters" time="0.001" /><testcase classname="tests.unit.insights.test_insights_patterns.TestPatternIdentification" name="test_identify_patterns_frequent_bigrams" time="0.000" /><testcase classname="tests.unit.insights.test_insights_patterns.TestPatternIdentification" name="test_identify_patterns_multiple_patterns" time="0.000" /><testcase classname="tests.unit.insights.test_insights_patterns.TestPatternIdentification" name="test_identify_patterns_case_insensitive" time="0.000" /><testcase classname="tests.unit.insights.test_insights_patterns.TestPatternIdentification" name="test_identify_patterns_minimum_frequency" time="0.000" /><testcase classname="tests.unit.insights.test_insights_patterns.TestPatternIdentification" name="test_identify_patterns_special_characters" time="0.001"><skipped type="pytest.xfail" message="Dash is not a sentence starter; test expectation may be incorrect" /></testcase><testcase classname="tests.unit.insights.test_insights_patterns.TestPatternIdentification" name="test_identify_patterns_short_words_filtered" time="0.000" /><testcase classname="tests.unit.insights.test_insights_patterns.TestPatternIdentification" name="test_identify_patterns_deterministic" time="0.000" /><testcase classname="tests.unit.insights.test_insights_patterns.TestPatternIdentification" name="test_identify_patterns_max_patterns" time="0.000" /><testcase classname="tests.unit.insights.test_insights_production.TestProductionReadiness" name="test_performance_small_cluster" time="0.001" /><testcase classname="tests.unit.insights.test_insights_production.TestProductionReadiness" name="test_performance_large_cluster" time="0.004" /><testcase classname="tests.unit.insights.test_insights_production.TestProductionReadiness" name="test_memory_usage_large_cluster" time="0.060" /><testcase classname="tests.unit.insights.test_insights_production.TestProductionReadiness" name="test_title_length_constraints" time="0.001" /><testcase classname="tests.unit.insights.test_insights_production.TestProductionReadiness" name="test_title_length_constraints_with_key_terms" time="0.000" /><testcase classname="tests.unit.insights.test_insights_production.TestProductionReadiness" name="test_min_sentence_length_filtering" time="0.000" /><testcase classname="tests.unit.insights.test_insights_production.TestProductionReadiness" name="test_empty_patterns_edge_cases" time="0.001" /><testcase classname="tests.unit.insights.test_insights_production.TestProductionReadiness" name="test_diversity_edge_cases" time="0.002" /><testcase classname="tests.unit.insights.test_insights_production.TestProductionReadiness" name="test_summary_edge_cases" time="0.001" /><testcase classname="tests.unit.insights.test_insights_production.TestProductionReadiness" name="test_overall_summary_edge_cases" time="0.001" /><testcase classname="tests.unit.insights.test_insights_production.TestProductionReadiness" name="test_error_handling_in_cluster_insights" time="0.001" /><testcase classname="tests.unit.insights.test_insights_production.TestProductionReadiness" name="test_configuration_parameters" time="0.001" /><testcase classname="tests.unit.insights.test_insights_production.TestProductionReadiness" name="test_unicode_handling" time="0.001" /><testcase classname="tests.unit.insights.test_insights_production.TestProductionReadiness" name="test_concurrent_usage" time="0.001" /><testcase classname="tests.unit.insights.test_insights_production.TestProductionReadiness" name="test_metrics_and_monitoring" time="0.000"><skipped type="pytest.skip" message="Production monitoring not implemented yet">/home/anton/git/backend-task-2025/text-analysis-service/tests/unit/insights/test_insights_production.py:268: Production monitoring not implemented yet</skipped></testcase><testcase classname="tests.unit.insights.test_insights_production.TestProductionReadiness" name="test_logging_integration" time="0.000"><skipped type="pytest.skip" message="Logging integration not implemented yet">/home/anton/git/backend-task-2025/text-analysis-service/tests/unit/insights/test_insights_production.py:273: Logging integration not implemented yet</skipped></testcase><testcase classname="tests.unit.insights.test_insights_production.TestProductionReadiness" name="test_configuration_validation" time="0.001"><skipped type="pytest.skip" message="Configuration validation not implemented yet">/home/anton/git/backend-task-2025/text-analysis-service/tests/unit/insights/test_insights_production.py:278: Configuration validation not implemented yet</skipped></testcase><testcase classname="tests.unit.insights.test_insights_production.TestProductionReadiness" name="test_integration_with_real_ml_pipeline" time="0.000"><skipped type="pytest.skip" message="Integration with actual ML models not implemented yet">/home/anton/git/backend-task-2025/text-analysis-service/tests/unit/insights/test_insights_production.py:283: Integration with actual ML models not implemented yet</skipped></testcase><testcase classname="tests.unit.insights.test_insights_representative.TestRepresentativeSentenceSelection" name="test_select_representative_sentences_basic" time="0.001" /><testcase classname="tests.unit.insights.test_insights_representative.TestRepresentativeSentenceSelection" name="test_select_representative_sentences_large_cluster" time="0.001" /><testcase classname="tests.unit.insights.test_insights_representative.TestRepresentativeSentenceSelection" name="test_select_representative_sentences_custom_count" time="0.002" /><testcase classname="tests.unit.insights.test_insights_representative.TestRepresentativeSentenceSelection" name="test_select_representative_sentences_single_sentence" time="0.001" /><testcase classname="tests.unit.insights.test_insights_representative.TestRepresentativeSentenceSelection" name="test_select_representative_sentences_empty" time="0.001" /><testcase classname="tests.unit.insights.test_insights_representative.TestRepresentativeSentenceSelection" name="test_representative_sentences_deterministic" time="0.001" /><testcase classname="tests.unit.insights.test_insights_representative.TestRepresentativeSentenceSelection" name="test_representative_sentences_closest_to_centroid" time="0.001" /><testcase classname="tests.unit.insights.test_insights_representative.TestRepresentativeSentenceSelection" name="test_representative_sentences_with_duplicate_embeddings" time="0.001" /><testcase classname="tests.unit.insights.test_insights_summary.TestSummaryGeneration" name="test_generate_summary_single_positive" time="0.001" /><testcase classname="tests.unit.insights.test_insights_summary.TestSummaryGeneration" name="test_generate_summary_single_negative" time="0.000" /><testcase classname="tests.unit.insights.test_insights_summary.TestSummaryGeneration" name="test_generate_summary_single_neutral" time="0.000" /><testcase classname="tests.unit.insights.test_insights_summary.TestSummaryGeneration" name="test_generate_summary_few_positive" time="0.000" /><testcase classname="tests.unit.insights.test_insights_summary.TestSummaryGeneration" name="test_generate_summary_few_negative" time="0.000" /><testcase classname="tests.unit.insights.test_insights_summary.TestSummaryGeneration" name="test_generate_summary_multiple_positive" time="0.000" /><testcase classname="tests.unit.insights.test_insights_summary.TestSummaryGeneration" name="test_generate_summary_strong_cluster" time="0.001" /><testcase classname="tests.unit.insights.test_insights_summary.TestSummaryGeneration" name="test_generate_summary_edge_cases" time="0.001" /><testcase classname="tests.unit.insights.test_insights_summary.TestSummaryGeneration" name="test_generate_overall_summary_empty" time="0.001" /><testcase classname="tests.unit.insights.test_insights_summary.TestSummaryGeneration" name="test_generate_overall_summary_single_cluster" time="0.001" /><testcase classname="tests.unit.insights.test_insights_summary.TestSummaryGeneration" name="test_generate_overall_summary_multiple_clusters" time="0.001" /><testcase classname="tests.unit.insights.test_insights_summary.TestSummaryGeneration" name="test_generate_overall_summary_tie_break" time="0.000" /><testcase classname="tests.unit.insights.test_insights_summary.TestSummaryGeneration" name="test_generate_overall_summary_mixed_sentiment" time="0.000" /><testcase classname="tests.unit.insights.test_insights_summary.TestSummaryGeneration" name="test_summary_deterministic" time="0.000" /><testcase classname="tests.unit.insights.test_insights_summary.TestSummaryGeneration" name="test_overall_summary_deterministic" time="0.001" /><testcase classname="tests.unit.insights.test_insights_summary.TestSummaryGeneration" name="test_custom_summary_templates" time="0.000"><skipped type="pytest.skip" message="Production-specific summary logic not implemented yet">/home/anton/git/backend-task-2025/text-analysis-service/tests/unit/insights/test_insights_summary.py:231: Production-specific summary logic not implemented yet</skipped></testcase><testcase classname="tests.unit.insights.test_insights_title.TestClusterTitleGeneration" name="test_title_from_key_terms" time="0.001" /><testcase classname="tests.unit.insights.test_insights_title.TestClusterTitleGeneration" name="test_title_truncation" time="0.001" /><testcase classname="tests.unit.insights.test_insights_title.TestClusterTitleGeneration" name="test_title_fallback_to_first_sentence" time="0.002" /><testcase classname="tests.unit.insights.test_insights_title.TestClusterTitleGeneration" name="test_title_fallback_truncation" time="0.000" /><testcase classname="tests.unit.insights.test_insights_title.TestClusterTitleGeneration" name="test_empty_cluster_title" time="0.000" /><testcase classname="tests.unit.test_clustering.TestClusterAnalyzer" name="test_init_default" time="0.001" /><testcase classname="tests.unit.test_clustering.TestClusterAnalyzer" name="test_init_custom" time="0.000" /><testcase classname="tests.unit.test_clustering.TestClusterAnalyzer" name="test_cluster_empty_embeddings" time="0.001" /><testcase classname="tests.unit.test_clustering.TestClusterAnalyzer" name="test_cluster_single_embedding" time="0.001" /><testcase classname="tests.unit.test_clustering.TestClusterAnalyzer" name="test_cluster_two_similar_embeddings" time="0.001" /><testcase classname="tests.unit.test_clustering.TestClusterAnalyzer" name="test_cluster_two_dissimilar_embeddings" time="0.003" /><testcase classname="tests.unit.test_clustering.TestClusterAnalyzer" name="test_cluster_deterministic_behavior" time="0.002" /><testcase classname="tests.unit.test_clustering.TestClusterAnalyzer" name="test_cluster_different_seeds_produce_different_results" time="0.002" /><testcase classname="tests.unit.test_clustering.TestClusterAnalyzer" name="test_cluster_min_cluster_size_enforcement" time="0.001" /><testcase classname="tests.unit.test_clustering.TestClusterAnalyzer" name="test_cluster_with_actual_cosine_similarity" time="0.001" /><testcase classname="tests.unit.test_clustering.TestClusterAnalyzer" name="test_cluster_invalid_embeddings_shape" time="0.000" /><testcase classname="tests.unit.test_clustering.TestClusterAnalyzer" name="test_get_cluster_stats_empty" time="0.000" /><testcase classname="tests.unit.test_clustering.TestClusterAnalyzer" name="test_get_cluster_stats_all_noise" time="0.000" /><testcase classname="tests.unit.test_clustering.TestClusterAnalyzer" name="test_get_cluster_stats_with_clusters" time="0.001" /><testcase classname="tests.unit.test_clustering.TestClusterAnalyzer" name="test_validate_embeddings_valid" time="0.001" /><testcase classname="tests.unit.test_clustering.TestClusterAnalyzer" name="test_validate_embeddings_empty" time="0.001" /><testcase classname="tests.unit.test_clustering.TestClusterAnalyzer" name="test_validate_embeddings_1d" time="0.000" /><testcase classname="tests.unit.test_clustering.TestClusterAnalyzer" name="test_validate_embeddings_with_nan" time="0.001" /><testcase classname="tests.unit.test_clustering.TestClusterAnalyzer" name="test_validate_embeddings_with_inf" time="0.001" /><testcase classname="tests.unit.test_clustering.TestClusterAnalyzer" name="test_validate_embeddings_unusual_dimension" time="0.001" /><testcase classname="tests.unit.test_clustering.TestClusterAnalyzer" name="test_simple_threshold_clustering" time="0.000" /><testcase classname="tests.unit.test_clustering.TestClusterAnalyzer" name="test_enforce_min_cluster_size" time="0.000" /><testcase classname="tests.unit.test_clustering.TestClusterAnalyzer" name="test_cluster_with_mock_similarity" time="0.001" /><testcase classname="tests.unit.test_clustering.TestClusterAnalyzer" name="test_actual_clustering_algorithm" time="0.000"><skipped type="pytest.skip" message="Actual clustering algorithm not implemented yet">/home/anton/git/backend-task-2025/text-analysis-service/tests/unit/test_clustering.py:329: Actual clustering algorithm not implemented yet</skipped></testcase><testcase classname="tests.unit.test_clustering.TestSingletonAndConvenience" name="test_get_cluster_analyzer_singleton" time="0.000" /><testcase classname="tests.unit.test_clustering.TestSingletonAndConvenience" name="test_cluster_embeddings_convenience" time="0.001" /><testcase classname="tests.unit.test_clustering.TestSingletonAndConvenience" name="test_cluster_embeddings_empty" time="0.001" /><testcase classname="tests.unit.test_clustering.TestEdgeCases" name="test_cluster_very_large_embeddings" time="0.001" /><testcase classname="tests.unit.test_clustering.TestEdgeCases" name="test_cluster_identical_embeddings_all_cluster" time="0.002" /><testcase classname="tests.unit.test_clustering.TestEdgeCases" name="test_cluster_with_extreme_threshold" time="0.001" /><testcase classname="tests.unit.test_clustering.TestEdgeCases" name="test_cluster_with_zero_threshold" time="0.001" /><testcase classname="tests.unit.test_clustering.TestEdgeCases" name="test_cluster_high_min_cluster_size" time="0.000" /><testcase classname="tests.unit.test_clustering.TestEdgeCases" name="test_cluster_stats_with_single_cluster" time="0.001" /><testcase classname="tests.unit.test_clustering.TestEdgeCases" name="test_cluster_stats_mixed_labels" time="0.001" /><testcase classname="tests.unit.test_clustering.TestEdgeCases" name="test_validate_embeddings_3d" time="0.001" /><testcase classname="tests.unit.test_clustering.TestEdgeCases" name="test_cluster_with_precomputed_similarity" time="0.001"><skipped type="pytest.xfail" message="Placeholder clustering algorithm may not form clusters due to random permutation order" /></testcase><testcase classname="tests.unit.test_clustering.TestEdgeCases" name="test_deterministic_across_multiple_calls" time="0.002" /><testcase classname="tests.unit.test_clustering.TestEdgeCases" name="test_singleton_independence" time="0.002" /><testcase classname="tests.unit.test_embedding.TestEmbeddingModel" name="test_init_default" time="0.001" /><testcase classname="tests.unit.test_embedding.TestEmbeddingModel" name="test_init_custom" time="0.000" /><testcase classname="tests.unit.test_embedding.TestEmbeddingModel" name="test_embed_empty_list" time="0.001" /><testcase classname="tests.unit.test_embedding.TestEmbeddingModel" name="test_embed_single_sentence" time="0.001" /><testcase classname="tests.unit.test_embedding.TestEmbeddingModel" name="test_embed_multiple_sentences" time="0.001" /><testcase classname="tests.unit.test_embedding.TestEmbeddingModel" name="test_deterministic_behavior" time="0.001" /><testcase classname="tests.unit.test_embedding.TestEmbeddingModel" name="test_different_sentences_different_embeddings" time="0.001" /><testcase classname="tests.unit.test_embedding.TestEmbeddingModel" name="test_caching_behavior" time="0.002" /><testcase classname="tests.unit.test_embedding.TestEmbeddingModel" name="test_cache_mixed_sentences" time="0.002" /><testcase classname="tests.unit.test_embedding.TestEmbeddingModel" name="test_cache_eviction" time="0.001" /><testcase classname="tests.unit.test_embedding.TestEmbeddingModel" name="test_clear_cache" time="0.001" /><testcase classname="tests.unit.test_embedding.TestEmbeddingModel" name="test_get_cache_stats" time="0.001" /><testcase classname="tests.unit.test_embedding.TestEmbeddingModel" name="test_embed_uncached_deterministic" time="0.001" /><testcase classname="tests.unit.test_embedding.TestEmbeddingModel" name="test_embed_uncached_normalization" time="0.001" /><testcase classname="tests.unit.test_embedding.TestEmbeddingModel" name="test_error_handling_large_input" time="0.001" /><testcase classname="tests.unit.test_embedding.TestEmbeddingModel" name="test_actual_model_integration" time="0.000"><skipped type="pytest.skip" message="Actual HuggingFace model not implemented yet">/home/anton/git/backend-task-2025/text-analysis-service/tests/unit/test_embedding.py:251: Actual HuggingFace model not implemented yet</skipped></testcase><testcase classname="tests.unit.test_embedding.TestSingletonAndConvenience" name="test_get_embedding_model_singleton" time="0.001" /><testcase classname="tests.unit.test_embedding.TestSingletonAndConvenience" name="test_embed_sentences_convenience" time="0.001" /><testcase classname="tests.unit.test_embedding.TestSingletonAndConvenience" name="test_embed_sentences_empty" time="0.001" /><testcase classname="tests.unit.test_embedding.TestSingletonAndConvenience" name="test_singleton_reset" time="0.001" /><testcase classname="tests.unit.test_embedding.TestEdgeCases" name="test_unicode_and_special_characters" time="0.001" /><testcase classname="tests.unit.test_embedding.TestEdgeCases" name="test_very_short_sentences" time="0.001" /><testcase classname="tests.unit.test_embedding.TestEdgeCases" name="test_duplicate_sentences" time="0.001" /><testcase classname="tests.unit.test_embedding.TestEdgeCases" name="test_cache_with_identical_strings_different_objects" time="0.001" /><testcase classname="tests.unit.test_lambda_handler.TestLambdaHandler" name="test_lambda_handler_standalone_success" time="0.003" /><testcase classname="tests.unit.test_lambda_handler.TestLambdaHandler" name="test_lambda_handler_comparison_success" time="0.002" /><testcase classname="tests.unit.test_lambda_handler.TestLambdaHandler" name="test_lambda_handler_direct_invocation_standalone" time="0.002" /><testcase classname="tests.unit.test_lambda_handler.TestLambdaHandler" name="test_lambda_handler_validation_error" time="0.003" /><testcase classname="tests.unit.test_lambda_handler.TestLambdaHandler" name="test_lambda_handler_pipeline_exception" time="0.002" /><testcase classname="tests.unit.test_lambda_handler.TestLambdaHandler" name="test_lambda_handler_malformed_json" time="0.002" /><testcase classname="tests.unit.test_lambda_handler.TestLambdaHandler" name="test_lambda_handler_empty_body" time="0.003" /><testcase classname="tests.unit.test_lambda_handler.TestParseRequest" name="test_parse_request_api_gateway_standalone" time="0.000" /><testcase classname="tests.unit.test_lambda_handler.TestParseRequest" name="test_parse_request_api_gateway_comparison" time="0.000" /><testcase classname="tests.unit.test_lambda_handler.TestParseRequest" name="test_parse_request_direct_invocation_standalone" time="0.000" /><testcase classname="tests.unit.test_lambda_handler.TestParseRequest" name="test_parse_request_direct_invocation_comparison" time="0.000" /><testcase classname="tests.unit.test_lambda_handler.TestParseRequest" name="test_parse_request_missing_required_field" time="0.001" /><testcase classname="tests.unit.test_lambda_handler.TestParseRequest" name="test_parse_request_malformed_json_body" time="0.001" /><testcase classname="tests.unit.test_lambda_handler.TestParseRequest" name="test_parse_request_empty_body" time="0.003" /><testcase classname="tests.unit.test_lambda_handler.TestParseRequest" name="test_parse_request_invalid_sentence_structure" time="0.001" /><testcase classname="tests.unit.test_lambda_handler.TestFormatSuccessResponse" name="test_format_success_response_basic" time="0.001" /><testcase classname="tests.unit.test_lambda_handler.TestFormatSuccessResponse" name="test_format_success_response_with_unicode" time="0.001" /><testcase classname="tests.unit.test_lambda_handler.TestFormatSuccessResponse" name="test_format_success_response_empty_result" time="0.001" /><testcase classname="tests.unit.test_lambda_handler.TestFormatErrorResponse" name="test_format_error_response_value_error" time="0.001" /><testcase classname="tests.unit.test_lambda_handler.TestFormatErrorResponse" name="test_format_error_response_generic_exception" time="0.000" /><testcase classname="tests.unit.test_lambda_handler.TestFormatErrorResponse" name="test_format_error_response_custom_exception" time="0.000" /><testcase classname="tests.unit.test_lambda_handler.TestFormatErrorResponse" name="test_format_error_response_with_empty_message" time="0.000" /><testcase classname="tests.unit.test_lambda_handler.TestGenerateJobId" name="test_generate_job_id_format" time="0.000" /><testcase classname="tests.unit.test_lambda_handler.TestGenerateJobId" name="test_generate_job_id_uniqueness" time="0.001" /><testcase classname="tests.unit.test_lambda_handler.TestGenerateJobId" name="test_generate_job_id_deterministic_with_mocked_random" time="0.001" /><testcase classname="tests.unit.test_lambda_handler.TestGenerateJobId" name="test_generate_job_id_with_mocked_time" time="0.001" /><testcase classname="tests.unit.test_sentiment.TestSentimentAnalyzerInitialization" name="test_default_initialization" time="0.001" /><testcase classname="tests.unit.test_sentiment.TestSentimentAnalyzerInitialization" name="test_custom_keywords" time="0.001" /><testcase classname="tests.unit.test_sentiment.TestSentimentAnalyzerInitialization" name="test_add_custom_keywords" time="0.001" /><testcase classname="tests.unit.test_sentiment.TestSingleSentenceAnalysis" name="test_positive_sentence" time="0.001" /><testcase classname="tests.unit.test_sentiment.TestSingleSentenceAnalysis" name="test_negative_sentence" time="0.001" /><testcase classname="tests.unit.test_sentiment.TestSingleSentenceAnalysis" name="test_neutral_sentence_no_keywords" time="0.000" /><testcase classname="tests.unit.test_sentiment.TestSingleSentenceAnalysis" name="test_mixed_sentence" time="0.000" /><testcase classname="tests.unit.test_sentiment.TestSingleSentenceAnalysis" name="test_confidence_calculation" time="0.001" /><testcase classname="tests.unit.test_sentiment.TestSingleSentenceAnalysis" name="test_case_insensitivity" time="0.001" /><testcase classname="tests.unit.test_sentiment.TestSingleSentenceAnalysis" name="test_word_boundaries" time="0.001" /><testcase classname="tests.unit.test_sentiment.TestSingleSentenceAnalysis" name="test_empty_sentence" time="0.001" /><testcase classname="tests.unit.test_sentiment.TestSingleSentenceAnalysis" name="test_very_long_sentence" time="0.001" /><testcase classname="tests.unit.test_sentiment.TestBatchAnalysis" name="test_batch_analysis" time="0.001" /><testcase classname="tests.unit.test_sentiment.TestBatchAnalysis" name="test_empty_batch" time="0.001" /><testcase classname="tests.unit.test_sentiment.TestBatchAnalysis" name="test_batch_with_mixed_sentiments" time="0.001" /><testcase classname="tests.unit.test_sentiment.TestClusterSentimentAggregation" name="test_single_cluster_all_positive" time="0.001" /><testcase classname="tests.unit.test_sentiment.TestClusterSentimentAggregation" name="test_multiple_clusters" time="0.001" /><testcase classname="tests.unit.test_sentiment.TestClusterSentimentAggregation" name="test_cluster_with_noise" time="0.001" /><testcase classname="tests.unit.test_sentiment.TestClusterSentimentAggregation" name="test_empty_cluster" time="0.001" /><testcase classname="tests.unit.test_sentiment.TestClusterSentimentAggregation" name="test_tie_breaking_with_confidence" time="0.001" /><testcase classname="tests.unit.test_sentiment.TestClusterSentimentAggregation" name="test_cluster_with_all_neutral" time="0.001" /><testcase classname="tests.unit.test_sentiment.TestClusterSentimentAggregation" name="test_strength_calculation" time="0.001" /><testcase classname="tests.unit.test_sentiment.TestEdgeCasesAndErrorHandling" name="test_nan_in_embeddings" time="0.001" /><testcase classname="tests.unit.test_sentiment.TestEdgeCasesAndErrorHandling" name="test_embeddings_shape_mismatch" time="0.002" /><testcase classname="tests.unit.test_sentiment.TestEdgeCasesAndErrorHandling" name="test_all_noise_clusters" time="0.001" /><testcase classname="tests.unit.test_sentiment.TestDeterministicBehavior" name="test_deterministic_keyword_matching" time="0.001" /><testcase classname="tests.unit.test_sentiment.TestDeterministicBehavior" name="test_deterministic_across_multiple_calls" time="0.001" /><testcase classname="tests.unit.test_sentiment.TestConvenienceFunctions" name="test_get_sentiment_analyzer_singleton" time="0.001" /><testcase classname="tests.unit.test_sentiment.TestConvenienceFunctions" name="test_analyze_sentiment_function" time="0.000" /><testcase classname="tests.unit.test_sentiment.TestConvenienceFunctions" name="test_analyze_sentiment_with_different_sentences" time="0.000" /><testcase classname="tests.unit.test_sentiment.TestTODOComments" name="test_todo_placeholder_implementation" time="0.001" /><testcase classname="tests.unit.test_sentiment.TestTODOComments" name="test_embeddings_unused" time="0.001" /><testcase classname="tests.unit.test_sentiment.TestProductionReadiness" name="test_performance_with_large_batch" time="0.007" /><testcase classname="tests.unit.test_sentiment.TestProductionReadiness" name="test_memory_usage_with_large_clusters" time="0.003" /><testcase classname="tests.unit.test_sentiment.TestProductionReadiness" name="test_thread_safety" time="0.002" /></testsuite></testsuites>